<?xml version="1.0" encoding="UTF-8"?>
<!-- Generated by org.testng.reporters.JUnitXMLReporter -->
<testsuite hostname="LAPTOP-N9ASJ9O9" ignored="0" name="Test" tests="1" failures="0" timestamp="2021-02-21T19:27:27 IST" time="16.539" errors="0">
  <testcase name="@AfterMethod afterTest" time="0.001" classname="com.test.selenium.LoginTest">
    <failure type="java.lang.AssertionError" message="The following asserts failed:
	expected [The email or password you have entered] but found [The email or password you have entered is invalid.]">
      <![CDATA[java.lang.AssertionError: The following asserts failed:
expected [The email or password you have entered] but found [The email or password you have entered is invalid.]
at com.test.selenium.LoginTest.afterTest(LoginTest.java:82)
at java.util.ArrayList.forEach(Unknown Source)
... Removed 34 stack frames]]>
    </failure>
  </testcase> <!-- @AfterMethod afterTest -->
  <testcase name="TestCase1" time="9.909" classname="com.test.selenium.LoginTest"/>
</testsuite> <!-- Test -->
